[] Новые устройства:
AT Translated Set 2 keyboard
ImExPS/2 Generic Explorer Mouse
Power Button
Sleep Button
Video Bus
VirtualBox mouse integration
VirtualBox USB Tablet
[2025-12-10 15:33:49] Новые устройства:
AT Translated Set 2 keyboard
ImExPS/2 Generic Explorer Mouse
Power Button
Sleep Button
Video Bus
VirtualBox mouse integration
VirtualBox USB Tablet
[2025-12-10 15:55:45] Новые устройства:
AT Translated Set 2 keyboard
ImExPS/2 Generic Explorer Mouse
Power Button
Sleep Button
Video Bus
VirtualBox mouse integration
VirtualBox USB Tablet
[2025-12-10 15:57:28] Новые устройства:
AT Translated Set 2 keyboard
ImExPS/2 Generic Explorer Mouse
Power Button
Sleep Button
Video Bus
VirtualBox mouse integration
VirtualBox USB Tablet
[2025-12-10 15:57:50] Новые устройства:
AT Translated Set 2 keyboard
ImExPS/2 Generic Explorer Mouse
Power Button
Sleep Button
Video Bus
VirtualBox mouse integration
VirtualBox USB Tablet
[2025-12-10 15:58:18] Новые устройства:
AT Translated Set 2 keyboard
ImExPS/2 Generic Explorer Mouse
Power Button
Sleep Button
Video Bus
VirtualBox mouse integration
VirtualBox USB Tablet
[2025-12-10 16:03:27] Новые устройства:
AT Translated Set 2 keyboard
ImExPS/2 Generic Explorer Mouse
Power Button
Sleep Button
Video Bus
VirtualBox mouse integration
VirtualBox USB Tablet
[2025-12-10 16:03:48] Новые устройства:
AT Translated Set 2 keyboard
ImExPS/2 Generic Explorer Mouse
Power Button
Sleep Button
Video Bus
VirtualBox mouse integration
VirtualBox USB Tablet
[2025-12-10 16:04:05] Новые устройства:
AT Translated Set 2 keyboard
ImExPS/2 Generic Explorer Mouse
Power Button
Sleep Button
Video Bus
VirtualBox mouse integration
VirtualBox USB Tablet
[2025-12-10 16:04:22] Новые устройства:
AT Translated Set 2 keyboard
ImExPS/2 Generic Explorer Mouse
Power Button
Sleep Button
Video Bus
VirtualBox mouse integration
VirtualBox USB Tablet
[2025-12-10 16:08:35] Новые устройства:
AT Translated Set 2 keyboard
ImExPS/2 Generic Explorer Mouse
Power Button
Sleep Button
Video Bus
VirtualBox mouse integration
VirtualBox USB Tablet
[2025-12-10 16:10:04] Новые устройства:
AT Translated Set 2 keyboard
ImExPS/2 Generic Explorer Mouse
Power Button
Sleep Button
Video Bus
VirtualBox mouse integration
VirtualBox USB Tablet
[2025-12-10 16:10:38] Новые устройства:
AT Translated Set 2 keyboard
ImExPS/2 Generic Explorer Mouse
Power Button
Sleep Button
Video Bus
VirtualBox mouse integration
VirtualBox USB Tablet
[2025-12-10 16:11:02] Новые устройства:
AT Translated Set 2 keyboard
ImExPS/2 Generic Explorer Mouse
Power Button
Sleep Button
Video Bus
VirtualBox mouse integration
VirtualBox USB Tablet
[2025-12-10 16:11:52] Новые устройства:
AT Translated Set 2 keyboard
ImExPS/2 Generic Explorer Mouse
Power Button
Sleep Button
Video Bus
VirtualBox mouse integration
VirtualBox USB Tablet
[2025-12-10 16:12:33] Новые устройства:
AT Translated Set 2 keyboard
ImExPS/2 Generic Explorer Mouse
Power Button
Sleep Button
Video Bus
VirtualBox mouse integration
VirtualBox USB Tablet
[2025-12-10 16:14:42] Новые устройства:
AT Translated Set 2 keyboard
ImExPS/2 Generic Explorer Mouse
Power Button
Sleep Button
Video Bus
VirtualBox mouse integration
VirtualBox USB Tablet
[2025-12-10 16:15:54] Новые устройства:
AT Translated Set 2 keyboard
ImExPS/2 Generic Explorer Mouse
Power Button
Sleep Button
Video Bus
VirtualBox mouse integration
VirtualBox USB Tablet
[2025-12-10 16:16:06] Новые устройства:
AT Translated Set 2 keyboard
ImExPS/2 Generic Explorer Mouse
Power Button
Sleep Button
Video Bus
VirtualBox mouse integration
VirtualBox USB Tablet
[2025-12-10 16:16:20] Новые устройства:
AT Translated Set 2 keyboard
ImExPS/2 Generic Explorer Mouse
Power Button
Sleep Button
Video Bus
VirtualBox mouse integration
VirtualBox USB Tablet
[2025-12-10 16:17:00] Новые устройства:
AT Translated Set 2 keyboard
ImExPS/2 Generic Explorer Mouse
Power Button
Sleep Button
Video Bus
VirtualBox mouse integration
VirtualBox USB Tablet
[2025-12-10 16:17:40] Новые устройства:
AT Translated Set 2 keyboard
ImExPS/2 Generic Explorer Mouse
Power Button
Sleep Button
Video Bus
VirtualBox mouse integration
VirtualBox USB Tablet
[2025-12-10 16:17:48] Новые устройства:
AT Translated Set 2 keyboard
ImExPS/2 Generic Explorer Mouse
Power Button
Sleep Button
Video Bus
VirtualBox mouse integration
VirtualBox USB Tablet
[2025-12-10 16:18:35] Новые устройства:
AT Translated Set 2 keyboard
ImExPS/2 Generic Explorer Mouse
Power Button
Sleep Button
Video Bus
VirtualBox mouse integration
VirtualBox USB Tablet
[2025-12-10 16:19:20] Новые устройства:
AT Translated Set 2 keyboard
ImExPS/2 Generic Explorer Mouse
Power Button
Sleep Button
Video Bus
VirtualBox mouse integration
VirtualBox USB Tablet
[2025-12-10 16:22:53] Новые устройства:
AT Translated Set 2 keyboard
ImExPS/2 Generic Explorer Mouse
Power Button
Sleep Button
Video Bus
VirtualBox mouse integration
VirtualBox USB Tablet
[2025-12-10 16:23:12] Новые устройства:
AT Translated Set 2 keyboard
ImExPS/2 Generic Explorer Mouse
Power Button
Sleep Button
Video Bus
VirtualBox mouse integration
VirtualBox USB Tablet
[2025-12-10 16:23:21] Новые устройства:
AT Translated Set 2 keyboard
ImExPS/2 Generic Explorer Mouse
Power Button
Sleep Button
Video Bus
VirtualBox mouse integration
VirtualBox USB Tablet
[2025-12-10 16:23:30] Новые устройства:
AT Translated Set 2 keyboard
ImExPS/2 Generic Explorer Mouse
Power Button
Sleep Button
Video Bus
VirtualBox mouse integration
VirtualBox USB Tablet
[2025-12-10 16:23:50] Новые устройства:
AT Translated Set 2 keyboard
ImExPS/2 Generic Explorer Mouse
Power Button
Sleep Button
Video Bus
VirtualBox mouse integration
VirtualBox USB Tablet
[2025-12-10 16:24:07] Новые устройства:
AT Translated Set 2 keyboard
ImExPS/2 Generic Explorer Mouse
Power Button
Sleep Button
Video Bus
VirtualBox mouse integration
VirtualBox USB Tablet
[2025-12-10 16:24:33] Новые устройства:
AT Translated Set 2 keyboard
ImExPS/2 Generic Explorer Mouse
Power Button
Sleep Button
Video Bus
VirtualBox mouse integration
VirtualBox USB Tablet
[2025-12-10 16:24:40] Новые устройства:
AT Translated Set 2 keyboard
ImExPS/2 Generic Explorer Mouse
Power Button
Sleep Button
Video Bus
VirtualBox mouse integration
VirtualBox USB Tablet
[2025-12-10 16:24:54] Новые устройства:
AT Translated Set 2 keyboard
ImExPS/2 Generic Explorer Mouse
Power Button
Sleep Button
Video Bus
VirtualBox mouse integration
VirtualBox USB Tablet
[2025-12-10 16:26:32] Новые устройства:
AT Translated Set 2 keyboard
ImExPS/2 Generic Explorer Mouse
Power Button
Sleep Button
Video Bus
VirtualBox mouse integration
VirtualBox USB Tablet
[2025-12-10 16:26:43] Новые устройства:
AT Translated Set 2 keyboard
ImExPS/2 Generic Explorer Mouse
Power Button
Sleep Button
Video Bus
VirtualBox mouse integration
VirtualBox USB Tablet
[2025-12-10 16:26:50] Новые устройства:
AT Translated Set 2 keyboard
ImExPS/2 Generic Explorer Mouse
Power Button
Sleep Button
Video Bus
VirtualBox mouse integration
VirtualBox USB Tablet
[2025-12-10 16:27:35] Новые устройства:
AT Translated Set 2 keyboard
ImExPS/2 Generic Explorer Mouse
Power Button
Sleep Button
Video Bus
VirtualBox mouse integration
VirtualBox USB Tablet
[2025-12-10 16:28:21] Новые устройства:
AT Translated Set 2 keyboard
ImExPS/2 Generic Explorer Mouse
Power Button
Sleep Button
Video Bus
VirtualBox mouse integration
VirtualBox USB Tablet
[2025-12-10 16:28:41] Новые устройства:
AT Translated Set 2 keyboard
ImExPS/2 Generic Explorer Mouse
Power Button
Sleep Button
Video Bus
VirtualBox mouse integration
VirtualBox USB Tablet
[2025-12-10 16:28:56] Новые устройства:
AT Translated Set 2 keyboard
ImExPS/2 Generic Explorer Mouse
Power Button
Sleep Button
Video Bus
VirtualBox mouse integration
VirtualBox USB Tablet
[2025-12-10 16:29:21] Новые устройства:
AT Translated Set 2 keyboard
ImExPS/2 Generic Explorer Mouse
Power Button
Sleep Button
Video Bus
VirtualBox mouse integration
VirtualBox USB Tablet
[2025-12-10 16:30:30] Новые устройства:
AT Translated Set 2 keyboard
ImExPS/2 Generic Explorer Mouse
Power Button
Sleep Button
Video Bus
VirtualBox mouse integration
VirtualBox USB Tablet
[2025-12-10 16:30:51] Новые устройства:
AT Translated Set 2 keyboard
ImExPS/2 Generic Explorer Mouse
Power Button
Sleep Button
Video Bus
VirtualBox mouse integration
VirtualBox USB Tablet
[2025-12-10 16:32:16] Новые устройства:
AT Translated Set 2 keyboard
ImExPS/2 Generic Explorer Mouse
Power Button
Sleep Button
Video Bus
VirtualBox mouse integration
VirtualBox USB Tablet
[2025-12-10 16:33:17] Новые устройства:
AT Translated Set 2 keyboard
ImExPS/2 Generic Explorer Mouse
Power Button
Sleep Button
Video Bus
VirtualBox mouse integration
VirtualBox USB Tablet
[2025-12-10 16:33:39] Новые устройства:
AT Translated Set 2 keyboard
ImExPS/2 Generic Explorer Mouse
Power Button
Sleep Button
Video Bus
VirtualBox mouse integration
VirtualBox USB Tablet
[2025-12-10 16:34:52] Новые устройства:
AT Translated Set 2 keyboard
ImExPS/2 Generic Explorer Mouse
Power Button
Sleep Button
Video Bus
VirtualBox mouse integration
VirtualBox USB Tablet
[2025-12-10 16:36:20] Новые устройства:
AT Translated Set 2 keyboard
ImExPS/2 Generic Explorer Mouse
Power Button
Sleep Button
Video Bus
VirtualBox mouse integration
VirtualBox USB Tablet
[2025-12-10 16:36:43] Новые устройства:
AT Translated Set 2 keyboard
ImExPS/2 Generic Explorer Mouse
Power Button
Sleep Button
Video Bus
VirtualBox mouse integration
VirtualBox USB Tablet
[2025-12-10 16:37:51] Новые устройства:
AT Translated Set 2 keyboard
ImExPS/2 Generic Explorer Mouse
Power Button
Sleep Button
Video Bus
VirtualBox mouse integration
VirtualBox USB Tablet
[2025-12-10 16:38:21] Новые устройства:
AT Translated Set 2 keyboard
ImExPS/2 Generic Explorer Mouse
Power Button
Sleep Button
Video Bus
VirtualBox mouse integration
VirtualBox USB Tablet
[2025-12-10 16:38:39] Новые устройства:
AT Translated Set 2 keyboard
ImExPS/2 Generic Explorer Mouse
Power Button
Sleep Button
Video Bus
VirtualBox mouse integration
VirtualBox USB Tablet
[2025-12-10 16:40:06] Новые устройства:
AT Translated Set 2 keyboard
ImExPS/2 Generic Explorer Mouse
Power Button
Sleep Button
Video Bus
VirtualBox mouse integration
VirtualBox USB Tablet
[2025-12-10 16:40:29] Новые устройства:
AT Translated Set 2 keyboard
ImExPS/2 Generic Explorer Mouse
Power Button
Sleep Button
Video Bus
VirtualBox mouse integration
VirtualBox USB Tablet
